Using pre-set license
Built from '2021.3/staging' branch; Version is '2021.3.25f1 (68ef2c4f8861) revision 6876972'; Using compiler version '192829333'; Build Type 'Release'
OS: 'Windows 11  (10.0.22621) 64bit Professional' Language: 'es' Physical Memory: 16263 MB
BatchMode: 1, IsHumanControllingUs: 0, StartBugReporterOnCrash: 0, Is64bit: 1, IsPro: 1

COMMAND LINE ARGUMENTS:
C:\Program Files\Unity\Hub\Editor\2021.3.25f1\Editor\Unity.exe
-adb2
-batchMode
-noUpm
-name
AssetImportWorker2
-projectPath
C:/Users/Usuario/Documents/Git Jose antonio lopez martinez/My project
-logFile
Logs/AssetImportWorker2.log
-srvPort
50341
Successfully changed project path to: C:/Users/Usuario/Documents/Git Jose antonio lopez martinez/My project
C:/Users/Usuario/Documents/Git Jose antonio lopez martinez/My project
[UnityMemory] Configuration Parameters - Can be set up in boot.config
    "memorysetup-bucket-allocator-granularity=16"
    "memorysetup-bucket-allocator-bucket-count=8"
    "memorysetup-bucket-allocator-block-size=33554432"
    "memorysetup-bucket-allocator-block-count=8"
    "memorysetup-main-allocator-block-size=16777216"
    "memorysetup-thread-allocator-block-size=16777216"
    "memorysetup-gfx-main-allocator-block-size=16777216"
    "memorysetup-gfx-thread-allocator-block-size=16777216"
    "memorysetup-cache-allocator-block-size=4194304"
    "memorysetup-typetree-allocator-block-size=2097152"
    "memorysetup-profiler-bucket-allocator-granularity=16"
    "memorysetup-profiler-bucket-allocator-bucket-count=8"
    "memorysetup-profiler-bucket-allocator-block-size=33554432"
    "memorysetup-profiler-bucket-allocator-block-count=8"
    "memorysetup-profiler-allocator-block-size=16777216"
    "memorysetup-profiler-editor-allocator-block-size=1048576"
    "memorysetup-temp-allocator-size-main=16777216"
    "memorysetup-job-temp-allocator-block-size=2097152"
    "memorysetup-job-temp-allocator-block-size-background=1048576"
    "memorysetup-job-temp-allocator-reduction-small-platforms=262144"
    "memorysetup-temp-allocator-size-background-worker=32768"
    "memorysetup-temp-allocator-size-job-worker=262144"
    "memorysetup-temp-allocator-size-preload-manager=33554432"
    "memorysetup-temp-allocator-size-nav-mesh-worker=65536"
    "memorysetup-temp-allocator-size-audio-worker=65536"
    "memorysetup-temp-allocator-size-cloud-worker=32768"
    "memorysetup-temp-allocator-size-gi-baking-worker=262144"
    "memorysetup-temp-allocator-size-gfx=262144"
Player connection [14040] Host "[IP] 192.168.1.116 [Port] 0 [Flags] 2 [Guid] 3876316880 [EditorId] 3876316880 [Version] 1048832 [Id] WindowsEditor(7,DESKTOP-ELLAA6C) [Debug] 1 [PackageName] WindowsEditor [ProjectName] Editor" joined multi-casting on [225.0.0.222:54997]...

Player connection [14040] Host "[IP] 192.168.1.116 [Port] 0 [Flags] 2 [Guid] 3876316880 [EditorId] 3876316880 [Version] 1048832 [Id] WindowsEditor(7,DESKTOP-ELLAA6C) [Debug] 1 [PackageName] WindowsEditor [ProjectName] Editor" joined alternative multi-casting on [225.0.0.222:34997]...

Refreshing native plugins compatible for Editor in 148.43 ms, found 3 plugins.
Preloading 0 native plugins for Editor in 0.00 ms.
Initialize engine version: 2021.3.25f1 (68ef2c4f8861)
[Subsystems] Discovering subsystems at path C:/Program Files/Unity/Hub/Editor/2021.3.25f1/Editor/Data/Resources/UnitySubsystems
[Subsystems] Discovering subsystems at path C:/Users/Usuario/Documents/Git Jose antonio lopez martinez/My project/Assets
GfxDevice: creating device client; threaded=0; jobified=0
Direct3D:
    Version:  Direct3D 11.0 [level 11.1]
    Renderer: Intel(R) UHD Graphics 620 (ID=0x5917)
    Vendor:   Intel
    VRAM:     8131 MB
    Driver:   30.0.101.1122
Initialize mono
Mono path[0] = 'C:/Program Files/Unity/Hub/Editor/2021.3.25f1/Editor/Data/Managed'
Mono path[1] = 'C:/Program Files/Unity/Hub/Editor/2021.3.25f1/Editor/Data/MonoBleedingEdge/lib/mono/unityjit-win32'
Mono config path = 'C:/Program Files/Unity/Hub/Editor/2021.3.25f1/Editor/Data/MonoBleedingEdge/etc'
Using monoOptions --debugger-agent=transport=dt_socket,embedding=1,server=y,suspend=n,address=127.0.0.1:56172
Begin MonoManager ReloadAssembly
Registering precompiled unity dll's ...
Register platform support module: C:/Program Files/Unity/Hub/Editor/2021.3.25f1/Editor/Data/PlaybackEngines/WindowsStandaloneSupport/UnityEditor.WindowsStandalone.Extensions.dll
Registered in 0.004426 seconds.
Native extension for WindowsStandalone target not found
Refreshing native plugins compatible for Editor in 82.85 ms, found 3 plugins.
Preloading 0 native plugins for Editor in 0.00 ms.
Mono: successfully reloaded assembly
- Completed reload, in  0.693 seconds
Domain Reload Profiling:
	ReloadAssembly (693ms)
		BeginReloadAssembly (86ms)
			ExecutionOrderSort (0ms)
			DisableScriptedObjects (0ms)
			BackupInstance (0ms)
			ReleaseScriptingObjects (0ms)
			CreateAndSetChildDomain (1ms)
		EndReloadAssembly (502ms)
			LoadAssemblies (84ms)
			RebuildTransferFunctionScriptingTraits (0ms)
			SetupTypeCache (115ms)
			ReleaseScriptCaches (0ms)
			RebuildScriptCaches (33ms)
			SetupLoadedEditorAssemblies (300ms)
				LogAssemblyErrors (0ms)
				InitializePlatformSupportModulesInManaged (8ms)
				SetLoadedEditorAssemblies (0ms)
				RefreshPlugins (83ms)
				BeforeProcessingInitializeOnLoad (1ms)
				ProcessInitializeOnLoadAttributes (157ms)
				ProcessInitializeOnLoadMethodAttributes (51ms)
				AfterProcessingInitializeOnLoad (0ms)
				EditorAssembliesLoaded (0ms)
			ExecutionOrderSort2 (0ms)
			AwakeInstancesAfterBackupRestoration (0ms)
Platform modules already initialized, skipping
Registering precompiled user dll's ...
Registered in 0.005027 seconds.
Begin MonoManager ReloadAssembly
Symbol file LoadedFromMemory doesn't match image C:\Users\Usuario\Documents\Git Jose antonio lopez martinez\My project\Library\PackageCache\com.unity.visualscripting@1.8.0\Editor\VisualScripting.Core\Dependencies\YamlDotNet\Unity.VisualScripting.YamlDotNet.dll
Symbol file LoadedFromMemory doesn't match image C:\Users\Usuario\Documents\Git Jose antonio lopez martinez\My project\Library\PackageCache\com.unity.visualscripting@1.8.0\Editor\VisualScripting.Core\Dependencies\DotNetZip\Unity.VisualScripting.IonicZip.dll
Native extension for WindowsStandalone target not found
Refreshing native plugins compatible for Editor in 0.50 ms, found 3 plugins.
Preloading 0 native plugins for Editor in 0.00 ms.
Mono: successfully reloaded assembly
- Completed reload, in  1.107 seconds
Domain Reload Profiling:
	ReloadAssembly (1108ms)
		BeginReloadAssembly (125ms)
			ExecutionOrderSort (0ms)
			DisableScriptedObjects (6ms)
			BackupInstance (0ms)
			ReleaseScriptingObjects (0ms)
			CreateAndSetChildDomain (21ms)
		EndReloadAssembly (866ms)
			LoadAssemblies (87ms)
			RebuildTransferFunctionScriptingTraits (0ms)
			SetupTypeCache (312ms)
			ReleaseScriptCaches (1ms)
			RebuildScriptCaches (64ms)
			SetupLoadedEditorAssemblies (364ms)
				LogAssemblyErrors (0ms)
				InitializePlatformSupportModulesInManaged (5ms)
				SetLoadedEditorAssemblies (0ms)
				RefreshPlugins (1ms)
				BeforeProcessingInitializeOnLoad (86ms)
				ProcessInitializeOnLoadAttributes (245ms)
				ProcessInitializeOnLoadMethodAttributes (21ms)
				AfterProcessingInitializeOnLoad (6ms)
				EditorAssembliesLoaded (0ms)
			ExecutionOrderSort2 (0ms)
			AwakeInstancesAfterBackupRestoration (7ms)
Platform modules already initialized, skipping
========================================================================
Worker process is ready to serve import requests
Launched and connected shader compiler UnityShaderCompiler.exe after 0.05 seconds
Refreshing native plugins compatible for Editor in 0.49 ms, found 3 plugins.
Preloading 0 native plugins for Editor in 0.00 ms.
Unloading 3049 Unused Serialized files (Serialized files now loaded: 0)
Unloading 22 unused Assets / (56.5 KB). Loaded Objects now: 3512.
Memory consumption went from 107.5 MB to 107.4 MB.
Total: 3.047300 ms (FindLiveObjects: 0.248300 ms CreateObjectMapping: 0.172900 ms MarkObjects: 2.556800 ms  DeleteObjects: 0.068300 ms)

AssetImportParameters requested are different than current active one (requested -> active):
  custom:video-decoder-ogg-theora: a1e56fd34408186e4bbccfd4996cb3dc -> 
  custom:container-muxer-webm: aa71ff27fc2769a1b78a27578f13a17b -> 
  custom:container-demuxer-webm: 4f35f7cbe854078d1ac9338744f61a02 -> 
  custom:video-encoder-webm-vp8: eb34c28f22e8b96e1ab97ce403110664 -> 
  custom:audio-encoder-webm-vorbis: bf7c407c2cedff20999df2af8eb42d56 -> 
  custom:framework-win-MediaFoundation: 216162199b28c13a410421893ffa2e32 -> 
  custom:container-demuxer-ogg: 62fdf1f143b41e24485cea50d1cbac27 -> 
  custom:video-decoder-webm-vp8: 9c59270c3fd7afecdb556c50c9e8de78 -> 
  custom:audio-decoder-ogg-vorbis: bf7c407c2cedff20999df2af8eb42d56 -> 
========================================================================
Received Prepare
Registering precompiled user dll's ...
Registered in 0.004663 seconds.
Begin MonoManager ReloadAssembly
Symbol file LoadedFromMemory doesn't match image C:\Users\Usuario\Documents\Git Jose antonio lopez martinez\My project\Library\PackageCache\com.unity.visualscripting@1.8.0\Editor\VisualScripting.Core\Dependencies\YamlDotNet\Unity.VisualScripting.YamlDotNet.dll
Symbol file LoadedFromMemory doesn't match image C:\Users\Usuario\Documents\Git Jose antonio lopez martinez\My project\Library\PackageCache\com.unity.visualscripting@1.8.0\Editor\VisualScripting.Core\Dependencies\DotNetZip\Unity.VisualScripting.IonicZip.dll
Native extension for WindowsStandalone target not found
Refreshing native plugins compatible for Editor in 0.98 ms, found 3 plugins.
Preloading 0 native plugins for Editor in 0.00 ms.
Mono: successfully reloaded assembly
- Completed reload, in  1.801 seconds
Domain Reload Profiling:
	ReloadAssembly (1801ms)
		BeginReloadAssembly (198ms)
			ExecutionOrderSort (0ms)
			DisableScriptedObjects (6ms)
			BackupInstance (0ms)
			ReleaseScriptingObjects (0ms)
			CreateAndSetChildDomain (60ms)
		EndReloadAssembly (1474ms)
			LoadAssemblies (111ms)
			RebuildTransferFunctionScriptingTraits (0ms)
			SetupTypeCache (655ms)
			ReleaseScriptCaches (4ms)
			RebuildScriptCaches (103ms)
			SetupLoadedEditorAssemblies (468ms)
				LogAssemblyErrors (0ms)
				InitializePlatformSupportModulesInManaged (17ms)
				SetLoadedEditorAssemblies (1ms)
				RefreshPlugins (1ms)
				BeforeProcessingInitializeOnLoad (150ms)
				ProcessInitializeOnLoadAttributes (269ms)
				ProcessInitializeOnLoadMethodAttributes (21ms)
				AfterProcessingInitializeOnLoad (8ms)
				EditorAssembliesLoaded (0ms)
			ExecutionOrderSort2 (0ms)
			AwakeInstancesAfterBackupRestoration (7ms)
Platform modules already initialized, skipping
Refreshing native plugins compatible for Editor in 2.39 ms, found 3 plugins.
Preloading 0 native plugins for Editor in 0.00 ms.
Unloading 3042 Unused Serialized files (Serialized files now loaded: 0)
Unloading 15 unused Assets / (24.7 KB). Loaded Objects now: 3515.
Memory consumption went from 107.2 MB to 107.2 MB.
Total: 3.000500 ms (FindLiveObjects: 0.250500 ms CreateObjectMapping: 0.147100 ms MarkObjects: 2.579400 ms  DeleteObjects: 0.022700 ms)

AssetImportParameters requested are different than current active one (requested -> active):
  custom:video-decoder-ogg-theora: a1e56fd34408186e4bbccfd4996cb3dc -> 
  custom:container-muxer-webm: aa71ff27fc2769a1b78a27578f13a17b -> 
  custom:container-demuxer-webm: 4f35f7cbe854078d1ac9338744f61a02 -> 
  custom:video-encoder-webm-vp8: eb34c28f22e8b96e1ab97ce403110664 -> 
  custom:audio-encoder-webm-vorbis: bf7c407c2cedff20999df2af8eb42d56 -> 
  custom:framework-win-MediaFoundation: 216162199b28c13a410421893ffa2e32 -> 
  custom:container-demuxer-ogg: 62fdf1f143b41e24485cea50d1cbac27 -> 
  custom:video-decoder-webm-vp8: 9c59270c3fd7afecdb556c50c9e8de78 -> 
  custom:audio-decoder-ogg-vorbis: bf7c407c2cedff20999df2af8eb42d56 -> 
========================================================================
Received Import Request.
  Time since last request: 4310.425893 seconds.
  path: Assets/RPGPP_LT/Prefabs/Props
  artifactKey: Guid(4074df064ec1ac341a3d1ad54cefc56a) Importer(815301076,1909f56bfc062723c751e8b465ee728b)
Start importing Assets/RPGPP_LT/Prefabs/Props using Guid(4074df064ec1ac341a3d1ad54cefc56a) Importer(815301076,1909f56bfc062723c751e8b465ee728b)  -> (artifact id: '0d1e873f2e02c173441c676250bbd87c') in 0.013269 seconds 
========================================================================
Received Prepare
Registering precompiled user dll's ...
Registered in 0.005945 seconds.
Begin MonoManager ReloadAssembly
Symbol file LoadedFromMemory doesn't match image C:\Users\Usuario\Documents\Git Jose antonio lopez martinez\My project\Library\PackageCache\com.unity.visualscripting@1.8.0\Editor\VisualScripting.Core\Dependencies\YamlDotNet\Unity.VisualScripting.YamlDotNet.dll
Symbol file LoadedFromMemory doesn't match image C:\Users\Usuario\Documents\Git Jose antonio lopez martinez\My project\Library\PackageCache\com.unity.visualscripting@1.8.0\Editor\VisualScripting.Core\Dependencies\DotNetZip\Unity.VisualScripting.IonicZip.dll
Native extension for WindowsStandalone target not found
Refreshing native plugins compatible for Editor in 1.05 ms, found 3 plugins.
Preloading 0 native plugins for Editor in 0.00 ms.
Mono: successfully reloaded assembly
- Completed reload, in  1.862 seconds
Domain Reload Profiling:
	ReloadAssembly (2024ms)
		BeginReloadAssembly (184ms)
			ExecutionOrderSort (0ms)
			DisableScriptedObjects (8ms)
			BackupInstance (0ms)
			ReleaseScriptingObjects (0ms)
			CreateAndSetChildDomain (48ms)
		EndReloadAssembly (1729ms)
			LoadAssemblies (109ms)
			RebuildTransferFunctionScriptingTraits (0ms)
			SetupTypeCache (579ms)
			ReleaseScriptCaches (3ms)
			RebuildScriptCaches (113ms)
			SetupLoadedEditorAssemblies (629ms)
				LogAssemblyErrors (0ms)
				InitializePlatformSupportModulesInManaged (13ms)
				SetLoadedEditorAssemblies (1ms)
				RefreshPlugins (1ms)
				BeforeProcessingInitializeOnLoad (137ms)
				ProcessInitializeOnLoadAttributes (415ms)
				ProcessInitializeOnLoadMethodAttributes (49ms)
				AfterProcessingInitializeOnLoad (13ms)
				EditorAssembliesLoaded (0ms)
			ExecutionOrderSort2 (0ms)
			AwakeInstancesAfterBackupRestoration (16ms)
Platform modules already initialized, skipping
Refreshing native plugins compatible for Editor in 2.08 ms, found 3 plugins.
Preloading 0 native plugins for Editor in 0.00 ms.
Unloading 3042 Unused Serialized files (Serialized files now loaded: 0)
Unloading 15 unused Assets / (24.6 KB). Loaded Objects now: 3518.
Memory consumption went from 107.2 MB to 107.2 MB.
Total: 5.183100 ms (FindLiveObjects: 0.262500 ms CreateObjectMapping: 0.170500 ms MarkObjects: 4.705100 ms  DeleteObjects: 0.043700 ms)

AssetImportParameters requested are different than current active one (requested -> active):
  custom:video-decoder-ogg-theora: a1e56fd34408186e4bbccfd4996cb3dc -> 
  custom:container-muxer-webm: aa71ff27fc2769a1b78a27578f13a17b -> 
  custom:container-demuxer-webm: 4f35f7cbe854078d1ac9338744f61a02 -> 
  custom:video-encoder-webm-vp8: eb34c28f22e8b96e1ab97ce403110664 -> 
  custom:audio-encoder-webm-vorbis: bf7c407c2cedff20999df2af8eb42d56 -> 
  custom:framework-win-MediaFoundation: 216162199b28c13a410421893ffa2e32 -> 
  custom:container-demuxer-ogg: 62fdf1f143b41e24485cea50d1cbac27 -> 
  custom:video-decoder-webm-vp8: 9c59270c3fd7afecdb556c50c9e8de78 -> 
  custom:audio-decoder-ogg-vorbis: bf7c407c2cedff20999df2af8eb42d56 -> 
========================================================================
Received Import Request.
  Time since last request: 347.495316 seconds.
  path: Assets/RPGPP_LT/Scene/rpgpp_lt_scene_1.0.unity
  artifactKey: Guid(d2809ab9b90eea7419d8d90d4c505d35) Importer(815301076,1909f56bfc062723c751e8b465ee728b)
Start importing Assets/RPGPP_LT/Scene/rpgpp_lt_scene_1.0.unity using Guid(d2809ab9b90eea7419d8d90d4c505d35) Importer(815301076,1909f56bfc062723c751e8b465ee728b)  -> (artifact id: '3bc9f1af19b00036240e8049252db75f') in 0.016327 seconds 
========================================================================
Received Prepare
Registering precompiled user dll's ...
Registered in 0.004782 seconds.
Begin MonoManager ReloadAssembly
Symbol file LoadedFromMemory doesn't match image C:\Users\Usuario\Documents\Git Jose antonio lopez martinez\My project\Library\PackageCache\com.unity.visualscripting@1.8.0\Editor\VisualScripting.Core\Dependencies\YamlDotNet\Unity.VisualScripting.YamlDotNet.dll
Symbol file LoadedFromMemory doesn't match image C:\Users\Usuario\Documents\Git Jose antonio lopez martinez\My project\Library\PackageCache\com.unity.visualscripting@1.8.0\Editor\VisualScripting.Core\Dependencies\DotNetZip\Unity.VisualScripting.IonicZip.dll
Native extension for WindowsStandalone target not found
Refreshing native plugins compatible for Editor in 3.47 ms, found 3 plugins.
Preloading 0 native plugins for Editor in 0.00 ms.
Mono: successfully reloaded assembly
- Completed reload, in  2.021 seconds
Domain Reload Profiling:
	ReloadAssembly (2022ms)
		BeginReloadAssembly (164ms)
			ExecutionOrderSort (0ms)
			DisableScriptedObjects (7ms)
			BackupInstance (0ms)
			ReleaseScriptingObjects (0ms)
			CreateAndSetChildDomain (39ms)
		EndReloadAssembly (1745ms)
			LoadAssemblies (103ms)
			RebuildTransferFunctionScriptingTraits (0ms)
			SetupTypeCache (686ms)
			ReleaseScriptCaches (2ms)
			RebuildScriptCaches (152ms)
			SetupLoadedEditorAssemblies (609ms)
				LogAssemblyErrors (0ms)
				InitializePlatformSupportModulesInManaged (26ms)
				SetLoadedEditorAssemblies (3ms)
				RefreshPlugins (4ms)
				BeforeProcessingInitializeOnLoad (120ms)
				ProcessInitializeOnLoadAttributes (392ms)
				ProcessInitializeOnLoadMethodAttributes (48ms)
				AfterProcessingInitializeOnLoad (16ms)
				EditorAssembliesLoaded (0ms)
			ExecutionOrderSort2 (0ms)
			AwakeInstancesAfterBackupRestoration (17ms)
Platform modules already initialized, skipping
Refreshing native plugins compatible for Editor in 1.53 ms, found 3 plugins.
Preloading 0 native plugins for Editor in 0.00 ms.
Unloading 3042 Unused Serialized files (Serialized files now loaded: 0)
Unloading 15 unused Assets / (24.7 KB). Loaded Objects now: 3521.
Memory consumption went from 107.2 MB to 107.2 MB.
Total: 4.313400 ms (FindLiveObjects: 0.229800 ms CreateObjectMapping: 0.147700 ms MarkObjects: 3.911400 ms  DeleteObjects: 0.023400 ms)

AssetImportParameters requested are different than current active one (requested -> active):
  custom:video-decoder-ogg-theora: a1e56fd34408186e4bbccfd4996cb3dc -> 
  custom:container-muxer-webm: aa71ff27fc2769a1b78a27578f13a17b -> 
  custom:container-demuxer-webm: 4f35f7cbe854078d1ac9338744f61a02 -> 
  custom:video-encoder-webm-vp8: eb34c28f22e8b96e1ab97ce403110664 -> 
  custom:audio-encoder-webm-vorbis: bf7c407c2cedff20999df2af8eb42d56 -> 
  custom:framework-win-MediaFoundation: 216162199b28c13a410421893ffa2e32 -> 
  custom:container-demuxer-ogg: 62fdf1f143b41e24485cea50d1cbac27 -> 
  custom:video-decoder-webm-vp8: 9c59270c3fd7afecdb556c50c9e8de78 -> 
  custom:audio-decoder-ogg-vorbis: bf7c407c2cedff20999df2af8eb42d56 -> 
========================================================================
Received Import Request.
  Time since last request: 204.893237 seconds.
  path: Assets/Scenes/Scene1.unity
  artifactKey: Guid(7da1625859f48014abc07c1719af67da) Importer(815301076,1909f56bfc062723c751e8b465ee728b)
Start importing Assets/Scenes/Scene1.unity using Guid(7da1625859f48014abc07c1719af67da) Importer(815301076,1909f56bfc062723c751e8b465ee728b)  -> (artifact id: '8130098852e708452c3f14c551514e3d') in 0.014266 seconds 
========================================================================
Received Import Request.
  Time since last request: 163.910068 seconds.
  path: Assets/RPGPP_LT/Materials/rpgpp_lt_cloud_a.mat
  artifactKey: Guid(434bfd6528d84e643ade0d2cd5c6fe1b) Importer(815301076,1909f56bfc062723c751e8b465ee728b)
Start importing Assets/RPGPP_LT/Materials/rpgpp_lt_cloud_a.mat using Guid(434bfd6528d84e643ade0d2cd5c6fe1b) Importer(815301076,1909f56bfc062723c751e8b465ee728b)  -> (artifact id: '4c6a86451cd44b34fcc812e3f68ba423') in 0.170167 seconds 
========================================================================
Received Import Request.
  Time since last request: 8.850599 seconds.
  path: Assets/RPGPP_LT/Prefabs/Props/Items/rpgpp_lt_broom_01.prefab
  artifactKey: Guid(a463cb358b3f799499b5078f511ef61e) Importer(815301076,1909f56bfc062723c751e8b465ee728b)
Start importing Assets/RPGPP_LT/Prefabs/Props/Items/rpgpp_lt_broom_01.prefab using Guid(a463cb358b3f799499b5078f511ef61e) Importer(815301076,1909f56bfc062723c751e8b465ee728b)  -> (artifact id: 'ea89af26b6bccd4c3f10df8d8bfce0fb') in 0.035153 seconds 
========================================================================
Received Import Request.
  Time since last request: 34.228032 seconds.
  path: Assets/Scenes/Scene1.unity
  artifactKey: Guid(7da1625859f48014abc07c1719af67da) Importer(2089858483,0ecaa5967403d082aa24f35e1b516d23)
Start importing Assets/Scenes/Scene1.unity using Guid(7da1625859f48014abc07c1719af67da) Importer(2089858483,0ecaa5967403d082aa24f35e1b516d23) Generated GUIDs only implemented for interfaces!
 -> (artifact id: 'c58d4917fe70cd04ece7ef8617d6762e') in 0.118383 seconds 
========================================================================
Received Import Request.
  Time since last request: 0.000029 seconds.
  path: Assets/RPGPP_LT/Materials/rpgpp_lt_mat_a.mat
  artifactKey: Guid(58d53420af384224ea4cfee8973d18cb) Importer(2089858483,0ecaa5967403d082aa24f35e1b516d23)
Start importing Assets/RPGPP_LT/Materials/rpgpp_lt_mat_a.mat using Guid(58d53420af384224ea4cfee8973d18cb) Importer(2089858483,0ecaa5967403d082aa24f35e1b516d23) Generated GUIDs only implemented for interfaces!
 -> (artifact id: '6854ea3c1f3e664fb78a8dec98661c4f') in 0.066961 seconds 
========================================================================
Received Import Request.
  Time since last request: 0.000041 seconds.
  path: Assets/RPGPP_LT/Models/Nature/rpgpp_lt_tree_pine_01.fbx
  artifactKey: Guid(58c79ebc04f48c74fa4869c3f7d941fd) Importer(2089858483,0ecaa5967403d082aa24f35e1b516d23)
Start importing Assets/RPGPP_LT/Models/Nature/rpgpp_lt_tree_pine_01.fbx using Guid(58c79ebc04f48c74fa4869c3f7d941fd) Importer(2089858483,0ecaa5967403d082aa24f35e1b516d23) Generated GUIDs only implemented for interfaces!
 -> (artifact id: '62854a95d16ff9b6d9c7d68763642ee1') in 0.085608 seconds 
========================================================================
Received Import Request.
  Time since last request: 0.000022 seconds.
  path: Assets/RPGPP_LT/Models/Nature/rpgpp_lt_grass_small_01a.fbx
  artifactKey: Guid(c191cc4231bc1a940986671275027664) Importer(2089858483,0ecaa5967403d082aa24f35e1b516d23)
Start importing Assets/RPGPP_LT/Models/Nature/rpgpp_lt_grass_small_01a.fbx using Guid(c191cc4231bc1a940986671275027664) Importer(2089858483,0ecaa5967403d082aa24f35e1b516d23) Generated GUIDs only implemented for interfaces!
 -> (artifact id: '81e105eb21b2b016e3f68340c1921f5d') in 0.046405 seconds 
========================================================================
Received Import Request.
  Time since last request: 0.000026 seconds.
  path: Assets/RPGPP_LT/Models/Nature/rpgpp_lt_rock_01.fbx
  artifactKey: Guid(305f277e1529222439b495a441de2f0b) Importer(2089858483,0ecaa5967403d082aa24f35e1b516d23)
Start importing Assets/RPGPP_LT/Models/Nature/rpgpp_lt_rock_01.fbx using Guid(305f277e1529222439b495a441de2f0b) Importer(2089858483,0ecaa5967403d082aa24f35e1b516d23) Generated GUIDs only implemented for interfaces!
 -> (artifact id: '8d85ebe1b1c4f26a2e6b33247b888f69') in 0.046820 seconds 
========================================================================
Received Import Request.
  Time since last request: 0.000033 seconds.
  path: Assets/RPGPP_LT/Models/Props/rpgpp_lt_banner_01a.fbx
  artifactKey: Guid(d7113c6e2a0f65c4abdb33666078052f) Importer(2089858483,0ecaa5967403d082aa24f35e1b516d23)
Start importing Assets/RPGPP_LT/Models/Props/rpgpp_lt_banner_01a.fbx using Guid(d7113c6e2a0f65c4abdb33666078052f) Importer(2089858483,0ecaa5967403d082aa24f35e1b516d23) Generated GUIDs only implemented for interfaces!
 -> (artifact id: '70555e13a5c5bbfddda80eafbf4d67ea') in 0.049085 seconds 
========================================================================
Received Import Request.
  Time since last request: 0.000060 seconds.
  path: Assets/RPGPP_LT/Models/Props/rpgpp_lt_shield_wall_01a.fbx
  artifactKey: Guid(6db1e633533718d49bd0b8329bc37412) Importer(2089858483,0ecaa5967403d082aa24f35e1b516d23)
Start importing Assets/RPGPP_LT/Models/Props/rpgpp_lt_shield_wall_01a.fbx using Guid(6db1e633533718d49bd0b8329bc37412) Importer(2089858483,0ecaa5967403d082aa24f35e1b516d23) Generated GUIDs only implemented for interfaces!
 -> (artifact id: 'ee19985f73c3b118f595625ead4ed63a') in 0.047969 seconds 
========================================================================
Received Import Request.
  Time since last request: 0.000029 seconds.
  path: Assets/RPGPP_LT/Models/Nature/rpgpp_lt_tree_02.fbx
  artifactKey: Guid(7dca68918011bd644a4dc268eea79b44) Importer(2089858483,0ecaa5967403d082aa24f35e1b516d23)
Start importing Assets/RPGPP_LT/Models/Nature/rpgpp_lt_tree_02.fbx using Guid(7dca68918011bd644a4dc268eea79b44) Importer(2089858483,0ecaa5967403d082aa24f35e1b516d23) Generated GUIDs only implemented for interfaces!
 -> (artifact id: '1b1b73822591f76d5f92f1ba698cd32a') in 0.044873 seconds 
========================================================================
Received Import Request.
  Time since last request: 0.000025 seconds.
  path: Assets/RPGPP_LT/Models/Nature/rpgpp_lt_tree_01.fbx
  artifactKey: Guid(15977c94193725642b83e5c7be73b2e8) Importer(2089858483,0ecaa5967403d082aa24f35e1b516d23)
Start importing Assets/RPGPP_LT/Models/Nature/rpgpp_lt_tree_01.fbx using Guid(15977c94193725642b83e5c7be73b2e8) Importer(2089858483,0ecaa5967403d082aa24f35e1b516d23) Generated GUIDs only implemented for interfaces!
 -> (artifact id: 'de38577b64f918298cb655dd9d59e0f0') in 0.049503 seconds 
========================================================================
Received Import Request.
  Time since last request: 0.000030 seconds.
  path: Assets/RPGPP_LT/Prefabs/Props/Misc/rpgpp_lt_well_01.prefab
  artifactKey: Guid(4500da6a464da55408dd1ff2324163a7) Importer(2089858483,0ecaa5967403d082aa24f35e1b516d23)
Start importing Assets/RPGPP_LT/Prefabs/Props/Misc/rpgpp_lt_well_01.prefab using Guid(4500da6a464da55408dd1ff2324163a7) Importer(2089858483,0ecaa5967403d082aa24f35e1b516d23) Generated GUIDs only implemented for interfaces!
 -> (artifact id: '5f30bc531fa260e6671d5c15754b432d') in 0.279796 seconds 
========================================================================
Received Import Request.
  Time since last request: 0.000034 seconds.
  path: Assets/RPGPP_LT/Textures/rpgpp_lt_tex_a.tga
  artifactKey: Guid(0bb174f69c9851a48b09bf7d8180c39e) Importer(2089858483,0ecaa5967403d082aa24f35e1b516d23)
Start importing Assets/RPGPP_LT/Textures/rpgpp_lt_tex_a.tga using Guid(0bb174f69c9851a48b09bf7d8180c39e) Importer(2089858483,0ecaa5967403d082aa24f35e1b516d23) Generated GUIDs only implemented for interfaces!
 -> (artifact id: 'f915df84fcc107993ebf89e6a11a4d55') in 0.095707 seconds 
========================================================================
Received Import Request.
  Time since last request: 0.000087 seconds.
  path: Assets/RPGPP_LT/Models/Props/rpgpp_lt_well_01.fbx
  artifactKey: Guid(54708add4b909204cb861ed2bd2cfcdf) Importer(2089858483,0ecaa5967403d082aa24f35e1b516d23)
Start importing Assets/RPGPP_LT/Models/Props/rpgpp_lt_well_01.fbx using Guid(54708add4b909204cb861ed2bd2cfcdf) Importer(2089858483,0ecaa5967403d082aa24f35e1b516d23) Generated GUIDs only implemented for interfaces!
 -> (artifact id: 'd209c0fa2f54aa12a521921212f31dce') in 0.039301 seconds 
========================================================================
Received Import Request.
  Time since last request: 0.000039 seconds.
  path: Assets/RPGPP_LT/Models/Props/rpgpp_lt_bucket_01.fbx
  artifactKey: Guid(e978333221b12f44ba9099ca8d181f25) Importer(2089858483,0ecaa5967403d082aa24f35e1b516d23)
Start importing Assets/RPGPP_LT/Models/Props/rpgpp_lt_bucket_01.fbx using Guid(e978333221b12f44ba9099ca8d181f25) Importer(2089858483,0ecaa5967403d082aa24f35e1b516d23) Generated GUIDs only implemented for interfaces!
 -> (artifact id: 'f41839bb3040beea308fefd7d29e97f9') in 0.049129 seconds 
========================================================================
Received Import Request.
  Time since last request: 0.000044 seconds.
  path: Assets/RPGPP_LT/Models/Props/rpgpp_lt_bench_wood_01.fbx
  artifactKey: Guid(6bc5a23d8cb251f40b96a1fbf4ddb4fc) Importer(2089858483,0ecaa5967403d082aa24f35e1b516d23)
Start importing Assets/RPGPP_LT/Models/Props/rpgpp_lt_bench_wood_01.fbx using Guid(6bc5a23d8cb251f40b96a1fbf4ddb4fc) Importer(2089858483,0ecaa5967403d082aa24f35e1b516d23) Generated GUIDs only implemented for interfaces!
 -> (artifact id: '51d8eaaa282b56b456133ebd2602da5f') in 0.046337 seconds 
========================================================================
Received Import Request.
  Time since last request: 0.000027 seconds.
  path: Assets/RPGPP_LT/Prefabs/Nature/Sky/rpgpp_lt_sky_01.prefab
  artifactKey: Guid(f31c6bb6e68212e41b0bcae74612a240) Importer(2089858483,0ecaa5967403d082aa24f35e1b516d23)
Start importing Assets/RPGPP_LT/Prefabs/Nature/Sky/rpgpp_lt_sky_01.prefab using Guid(f31c6bb6e68212e41b0bcae74612a240) Importer(2089858483,0ecaa5967403d082aa24f35e1b516d23) Generated GUIDs only implemented for interfaces!
 -> (artifact id: 'a80d79a518261b2a829df90f20b80ee6') in 0.040283 seconds 
========================================================================
Received Import Request.
  Time since last request: 0.000046 seconds.
  path: Assets/RPGPP_LT/Prefabs/Nature/Terrain/rpgpp_lt_terrain_path_01a.prefab
  artifactKey: Guid(a25996a7d0674de40a8273b54b50aa7b) Importer(2089858483,0ecaa5967403d082aa24f35e1b516d23)
Start importing Assets/RPGPP_LT/Prefabs/Nature/Terrain/rpgpp_lt_terrain_path_01a.prefab using Guid(a25996a7d0674de40a8273b54b50aa7b) Importer(2089858483,0ecaa5967403d082aa24f35e1b516d23) Generated GUIDs only implemented for interfaces!
 -> (artifact id: '3a09136964038a3953ad510fbfcb3d5c') in 0.024168 seconds 
========================================================================
Received Import Request.
  Time since last request: 0.000056 seconds.
  path: Assets/RPGPP_LT/Models/Props/rpgpp_lt_vase_02.fbx
  artifactKey: Guid(65a171ea06543b04fa7aa086cd66702d) Importer(2089858483,0ecaa5967403d082aa24f35e1b516d23)
Start importing Assets/RPGPP_LT/Models/Props/rpgpp_lt_vase_02.fbx using Guid(65a171ea06543b04fa7aa086cd66702d) Importer(2089858483,0ecaa5967403d082aa24f35e1b516d23) Generated GUIDs only implemented for interfaces!
 -> (artifact id: 'c32e51f021d82de04a1dee0890f058a9') in 0.041253 seconds 
========================================================================
Received Import Request.
  Time since last request: 0.000036 seconds.
  path: Assets/RPGPP_LT/Models/Props/rpgpp_lt_sack_01.fbx
  artifactKey: Guid(8f07894e139232f4fb48b79133ad05fa) Importer(2089858483,0ecaa5967403d082aa24f35e1b516d23)
Start importing Assets/RPGPP_LT/Models/Props/rpgpp_lt_sack_01.fbx using Guid(8f07894e139232f4fb48b79133ad05fa) Importer(2089858483,0ecaa5967403d082aa24f35e1b516d23) Generated GUIDs only implemented for interfaces!
 -> (artifact id: 'eb1beaabad7daef853a4cc81df25dd9c') in 0.041002 seconds 
========================================================================
Received Import Request.
  Time since last request: 0.000018 seconds.
  path: Assets/RPGPP_LT/Prefabs/Nature/Vegetation/Flowers/rpgpp_lt_flower_01.prefab
  artifactKey: Guid(1aad01ae01d836647b215e40f1f4c1a7) Importer(2089858483,0ecaa5967403d082aa24f35e1b516d23)
Start importing Assets/RPGPP_LT/Prefabs/Nature/Vegetation/Flowers/rpgpp_lt_flower_01.prefab using Guid(1aad01ae01d836647b215e40f1f4c1a7) Importer(2089858483,0ecaa5967403d082aa24f35e1b516d23) Generated GUIDs only implemented for interfaces!
 -> (artifact id: 'cebe6ea32b2b825accb052d9d9f9fee8') in 0.029858 seconds 
========================================================================
Received Import Request.
  Time since last request: 0.000031 seconds.
  path: Assets/RPGPP_LT/Models/Nature/rpgpp_lt_rock_02.fbx
  artifactKey: Guid(d1fd41beb70267947bc1c996df07593d) Importer(2089858483,0ecaa5967403d082aa24f35e1b516d23)
Start importing Assets/RPGPP_LT/Models/Nature/rpgpp_lt_rock_02.fbx using Guid(d1fd41beb70267947bc1c996df07593d) Importer(2089858483,0ecaa5967403d082aa24f35e1b516d23) Generated GUIDs only implemented for interfaces!
 -> (artifact id: 'f76564fe052c84ff9d57183b705c16fb') in 0.048327 seconds 
========================================================================
Received Import Request.
  Time since last request: 0.000023 seconds.
  path: Assets/RPGPP_LT/Models/Props/rpgpp_lt_wood_path_01a.fbx
  artifactKey: Guid(d4d6eed92fb93e948b95c2fc4d1f6f8d) Importer(2089858483,0ecaa5967403d082aa24f35e1b516d23)
Start importing Assets/RPGPP_LT/Models/Props/rpgpp_lt_wood_path_01a.fbx using Guid(d4d6eed92fb93e948b95c2fc4d1f6f8d) Importer(2089858483,0ecaa5967403d082aa24f35e1b516d23) Generated GUIDs only implemented for interfaces!
 -> (artifact id: '7877ff68e5d6da36319af136e54809c9') in 0.045661 seconds 
========================================================================
Received Import Request.
  Time since last request: 0.000044 seconds.
  path: Assets/RPGPP_LT/Models/Nature/rpgpp_lt_plant_01.fbx
  artifactKey: Guid(82188904581423c4a9ed3fbf3286ccdd) Importer(2089858483,0ecaa5967403d082aa24f35e1b516d23)
Start importing Assets/RPGPP_LT/Models/Nature/rpgpp_lt_plant_01.fbx using Guid(82188904581423c4a9ed3fbf3286ccdd) Importer(2089858483,0ecaa5967403d082aa24f35e1b516d23) Generated GUIDs only implemented for interfaces!
 -> (artifact id: 'a0587c587844bc901eae97502ac51a77') in 0.048428 seconds 
========================================================================
Received Import Request.
  Time since last request: 0.000048 seconds.
  path: Assets/RPGPP_LT/Prefabs/Props/Wall_decor/Banners/rpgpp_lt_banner_01a.prefab
  artifactKey: Guid(e1032c9b5d7d362489670d42997dceb5) Importer(2089858483,0ecaa5967403d082aa24f35e1b516d23)
Start importing Assets/RPGPP_LT/Prefabs/Props/Wall_decor/Banners/rpgpp_lt_banner_01a.prefab using Guid(e1032c9b5d7d362489670d42997dceb5) Importer(2089858483,0ecaa5967403d082aa24f35e1b516d23) Generated GUIDs only implemented for interfaces!
 -> (artifact id: 'e94a6257092c1dd544f1b36a4cd52b7d') in 0.032960 seconds 
========================================================================
Received Import Request.
  Time since last request: 0.000033 seconds.
  path: Assets/RPGPP_LT/Prefabs/Structures/Buildings/Bld_closed/rpgpp_lt_building_04.prefab
  artifactKey: Guid(71442e8cd72511e4fabb72f1a2cc82dd) Importer(2089858483,0ecaa5967403d082aa24f35e1b516d23)
Start importing Assets/RPGPP_LT/Prefabs/Structures/Buildings/Bld_closed/rpgpp_lt_building_04.prefab using Guid(71442e8cd72511e4fabb72f1a2cc82dd) Importer(2089858483,0ecaa5967403d082aa24f35e1b516d23) Generated GUIDs only implemented for interfaces!
 -> (artifact id: '956895dfde4fdebd7674ea2e6371dd8c') in 0.030058 seconds 
========================================================================
Received Import Request.
  Time since last request: 0.000039 seconds.
  path: Assets/RPGPP_LT/Prefabs/Structures/Parts/Wood_path/rpgpp_lt_wood_path_01a.prefab
  artifactKey: Guid(c96016c34e7be62488e588470988ef5b) Importer(2089858483,0ecaa5967403d082aa24f35e1b516d23)
Start importing Assets/RPGPP_LT/Prefabs/Structures/Parts/Wood_path/rpgpp_lt_wood_path_01a.prefab using Guid(c96016c34e7be62488e588470988ef5b) Importer(2089858483,0ecaa5967403d082aa24f35e1b516d23) Generated GUIDs only implemented for interfaces!
 -> (artifact id: '9638541298c04558bee32f60a907db13') in 0.033219 seconds 
========================================================================
Received Import Request.
  Time since last request: 0.000034 seconds.
  path: Assets/RPGPP_LT/Prefabs/Props/Furniture/Tables/rpgpp_lt_table_01.prefab
  artifactKey: Guid(4c1686a5131ac8b45bfe913f509289c0) Importer(2089858483,0ecaa5967403d082aa24f35e1b516d23)
Start importing Assets/RPGPP_LT/Prefabs/Props/Furniture/Tables/rpgpp_lt_table_01.prefab using Guid(4c1686a5131ac8b45bfe913f509289c0) Importer(2089858483,0ecaa5967403d082aa24f35e1b516d23) Generated GUIDs only implemented for interfaces!
 -> (artifact id: '097cbf64c355057e82d76ab8c5835aa6') in 0.026315 seconds 
========================================================================
Received Import Request.
  Time since last request: 0.000027 seconds.
  path: Assets/RPGPP_LT/Prefabs/Nature/Vegetation/Flowers/rpgpp_lt_flower_03.prefab
  artifactKey: Guid(f71e980e020ab924ebed9a227a648ec8) Importer(2089858483,0ecaa5967403d082aa24f35e1b516d23)
Start importing Assets/RPGPP_LT/Prefabs/Nature/Vegetation/Flowers/rpgpp_lt_flower_03.prefab using Guid(f71e980e020ab924ebed9a227a648ec8) Importer(2089858483,0ecaa5967403d082aa24f35e1b516d23) Generated GUIDs only implemented for interfaces!
 -> (artifact id: 'ab6636c4b7478df8728e900215c5a7da') in 0.019452 seconds 
========================================================================
Received Import Request.
  Time since last request: 0.000029 seconds.
  path: Assets/RPGPP_LT/Prefabs/Nature/Sky/rpgpp_lt_cloud_01.prefab
  artifactKey: Guid(6fdeb1faa1b42904e9210dd047b256ba) Importer(2089858483,0ecaa5967403d082aa24f35e1b516d23)
Start importing Assets/RPGPP_LT/Prefabs/Nature/Sky/rpgpp_lt_cloud_01.prefab using Guid(6fdeb1faa1b42904e9210dd047b256ba) Importer(2089858483,0ecaa5967403d082aa24f35e1b516d23) Generated GUIDs only implemented for interfaces!
 -> (artifact id: 'c191fb9b34553babd72af44e3f062154') in 0.016184 seconds 
========================================================================
Received Import Request.
  Time since last request: 0.000031 seconds.
  path: Assets/RPGPP_LT/Models/Structures/rpgpp_lt_building_04.fbx
  artifactKey: Guid(cc4034e4bb7d9cd418975561c7bcd316) Importer(2089858483,0ecaa5967403d082aa24f35e1b516d23)
Start importing Assets/RPGPP_LT/Models/Structures/rpgpp_lt_building_04.fbx using Guid(cc4034e4bb7d9cd418975561c7bcd316) Importer(2089858483,0ecaa5967403d082aa24f35e1b516d23) Generated GUIDs only implemented for interfaces!
 -> (artifact id: 'f138aa81240f0db6491970236e0af8e5') in 0.032713 seconds 
========================================================================
Received Import Request.
  Time since last request: 0.000033 seconds.
  path: Assets/RPGPP_LT/Prefabs/Props/Containers/rpgpp_lt_trough_01.prefab
  artifactKey: Guid(7f3b1263233678a4a92861d908051fe3) Importer(2089858483,0ecaa5967403d082aa24f35e1b516d23)
Start importing Assets/RPGPP_LT/Prefabs/Props/Containers/rpgpp_lt_trough_01.prefab using Guid(7f3b1263233678a4a92861d908051fe3) Importer(2089858483,0ecaa5967403d082aa24f35e1b516d23) Generated GUIDs only implemented for interfaces!
 -> (artifact id: '49b787e817ca6666ae4c2acea529bdac') in 0.018709 seconds 
========================================================================
Received Import Request.
  Time since last request: 0.000036 seconds.
  path: Assets/RPGPP_LT/Prefabs/Nature/Rocks/rpgpp_lt_rock_small_01.prefab
  artifactKey: Guid(dc9954dcaaaee02409e17bacb3dcc453) Importer(2089858483,0ecaa5967403d082aa24f35e1b516d23)
Start importing Assets/RPGPP_LT/Prefabs/Nature/Rocks/rpgpp_lt_rock_small_01.prefab using Guid(dc9954dcaaaee02409e17bacb3dcc453) Importer(2089858483,0ecaa5967403d082aa24f35e1b516d23) Generated GUIDs only implemented for interfaces!
 -> (artifact id: '9df941f03ab606b03d71676f9cf29ae4') in 0.017121 seconds 
========================================================================
Received Import Request.
  Time since last request: 0.000026 seconds.
  path: Assets/RPGPP_LT/Models/Nature/rpgpp_lt_bush_02.fbx
  artifactKey: Guid(d4997bb047d8fbb458f4d63b2322ebdc) Importer(2089858483,0ecaa5967403d082aa24f35e1b516d23)
Start importing Assets/RPGPP_LT/Models/Nature/rpgpp_lt_bush_02.fbx using Guid(d4997bb047d8fbb458f4d63b2322ebdc) Importer(2089858483,0ecaa5967403d082aa24f35e1b516d23) Generated GUIDs only implemented for interfaces!
 -> (artifact id: 'cde7faa869ecf79002d9fae943a735dc') in 0.030010 seconds 
========================================================================
Received Import Request.
  Time since last request: 0.000017 seconds.
  path: Assets/RPGPP_LT/Prefabs/Props/Containers/rpgpp_lt_box_wood_01.prefab
  artifactKey: Guid(144403e0e442d2a448335e0c845d665b) Importer(2089858483,0ecaa5967403d082aa24f35e1b516d23)
Start importing Assets/RPGPP_LT/Prefabs/Props/Containers/rpgpp_lt_box_wood_01.prefab using Guid(144403e0e442d2a448335e0c845d665b) Importer(2089858483,0ecaa5967403d082aa24f35e1b516d23) Generated GUIDs only implemented for interfaces!
 -> (artifact id: '1fcd1e5461f6ce9f7139279f1b29e12f') in 0.018401 seconds 
========================================================================
Received Import Request.
  Time since last request: 0.000022 seconds.
  path: Assets/RPGPP_LT/Models/Props/rpgpp_lt_chair_01b.fbx
  artifactKey: Guid(c23d7dd34e2d29a42bf0998f5f20de59) Importer(2089858483,0ecaa5967403d082aa24f35e1b516d23)
Start importing Assets/RPGPP_LT/Models/Props/rpgpp_lt_chair_01b.fbx using Guid(c23d7dd34e2d29a42bf0998f5f20de59) Importer(2089858483,0ecaa5967403d082aa24f35e1b516d23) Generated GUIDs only implemented for interfaces!
 -> (artifact id: 'a33addb5ec8c9a97c3b00b0afa632670') in 0.024466 seconds 
========================================================================
Received Import Request.
  Time since last request: 0.000019 seconds.
  path: Assets/RPGPP_LT/Textures/rpgpp_lt_sky_a.tga
  artifactKey: Guid(5c4fa0e44769f8f46a06d96031e56a4e) Importer(2089858483,0ecaa5967403d082aa24f35e1b516d23)
Start importing Assets/RPGPP_LT/Textures/rpgpp_lt_sky_a.tga using Guid(5c4fa0e44769f8f46a06d96031e56a4e) Importer(2089858483,0ecaa5967403d082aa24f35e1b516d23) Generated GUIDs only implemented for interfaces!
 -> (artifact id: '6447b2f0392a2546f0a6d5e38c27fabc') in 0.020538 seconds 
========================================================================
Received Import Request.
  Time since last request: 0.000028 seconds.
  path: Assets/RPGPP_LT/Models/Nature/rpgpp_lt_flower_01.fbx
  artifactKey: Guid(7d350a824190e0647822f95e9f7bbc97) Importer(2089858483,0ecaa5967403d082aa24f35e1b516d23)
Start importing Assets/RPGPP_LT/Models/Nature/rpgpp_lt_flower_01.fbx using Guid(7d350a824190e0647822f95e9f7bbc97) Importer(2089858483,0ecaa5967403d082aa24f35e1b516d23) Generated GUIDs only implemented for interfaces!
 -> (artifact id: '9b74fbc1abaf1c7a98b40f5482e84872') in 0.037823 seconds 
========================================================================
Received Import Request.
  Time since last request: 0.000033 seconds.
  path: Assets/RPGPP_LT/Prefabs/Props/Wall_decor/Banners/rpgpp_lt_banner_01b.prefab
  artifactKey: Guid(002f7a569314a244fb643e8ea8d00376) Importer(2089858483,0ecaa5967403d082aa24f35e1b516d23)
Start importing Assets/RPGPP_LT/Prefabs/Props/Wall_decor/Banners/rpgpp_lt_banner_01b.prefab using Guid(002f7a569314a244fb643e8ea8d00376) Importer(2089858483,0ecaa5967403d082aa24f35e1b516d23) Generated GUIDs only implemented for interfaces!
 -> (artifact id: 'b47f11e8c0d026028982308f92236299') in 0.021928 seconds 
========================================================================
Received Import Request.
  Time since last request: 0.000032 seconds.
  path: Assets/RPGPP_LT/Models/Nature/rpgpp_lt_hill_small_01.fbx
  artifactKey: Guid(3602432658d7f1540978cbbd6875ad2d) Importer(2089858483,0ecaa5967403d082aa24f35e1b516d23)
Start importing Assets/RPGPP_LT/Models/Nature/rpgpp_lt_hill_small_01.fbx using Guid(3602432658d7f1540978cbbd6875ad2d) Importer(2089858483,0ecaa5967403d082aa24f35e1b516d23) Generated GUIDs only implemented for interfaces!
 -> (artifact id: 'd856b8fac7a85211c0c73554179bb2bf') in 0.030661 seconds 
========================================================================
Received Import Request.
  Time since last request: 0.000032 seconds.
  path: Assets/RPGPP_LT/Models/Nature/rpgpp_lt_bush_01.fbx
  artifactKey: Guid(d28a5d39d87b52c49824501fac8b689c) Importer(2089858483,0ecaa5967403d082aa24f35e1b516d23)
Start importing Assets/RPGPP_LT/Models/Nature/rpgpp_lt_bush_01.fbx using Guid(d28a5d39d87b52c49824501fac8b689c) Importer(2089858483,0ecaa5967403d082aa24f35e1b516d23) Generated GUIDs only implemented for interfaces!
 -> (artifact id: '649b8b12b6eb8576407c9b9932df815a') in 0.036875 seconds 
========================================================================
Received Import Request.
  Time since last request: 0.000023 seconds.
  path: Assets/RPGPP_LT/Models/Nature/rpgpp_lt_flower_02.fbx
  artifactKey: Guid(7710c12951e94d24eb1b65f105f6823e) Importer(2089858483,0ecaa5967403d082aa24f35e1b516d23)
Start importing Assets/RPGPP_LT/Models/Nature/rpgpp_lt_flower_02.fbx using Guid(7710c12951e94d24eb1b65f105f6823e) Importer(2089858483,0ecaa5967403d082aa24f35e1b516d23) Generated GUIDs only implemented for interfaces!
 -> (artifact id: '48e58a5e2887433c237fb68e274b4d93') in 0.023396 seconds 
========================================================================
Received Import Request.
  Time since last request: 0.000030 seconds.
  path: Assets/RPGPP_LT/Prefabs/Props/Wood/rpgpp_lt_log_wood_01.prefab
  artifactKey: Guid(bbb972e8372282f4093c9484693385fd) Importer(2089858483,0ecaa5967403d082aa24f35e1b516d23)
Start importing Assets/RPGPP_LT/Prefabs/Props/Wood/rpgpp_lt_log_wood_01.prefab using Guid(bbb972e8372282f4093c9484693385fd) Importer(2089858483,0ecaa5967403d082aa24f35e1b516d23) Generated GUIDs only implemented for interfaces!
 -> (artifact id: '4134a7b14cfa0f43d2f53f87a1d3fdf7') in 0.028963 seconds 
========================================================================
Received Import Request.
  Time since last request: 0.000022 seconds.
  path: Assets/RPGPP_LT/Prefabs/Nature/Vegetation/Bushes/rpgpp_lt_bush_01.prefab
  artifactKey: Guid(bd1a894f239d58d4dbf63f27e28096bd) Importer(2089858483,0ecaa5967403d082aa24f35e1b516d23)
Start importing Assets/RPGPP_LT/Prefabs/Nature/Vegetation/Bushes/rpgpp_lt_bush_01.prefab using Guid(bd1a894f239d58d4dbf63f27e28096bd) Importer(2089858483,0ecaa5967403d082aa24f35e1b516d23) Generated GUIDs only implemented for interfaces!
 -> (artifact id: '4d62cc838cfcc82039ccc188bf975aba') in 0.014386 seconds 
========================================================================
Received Import Request.
  Time since last request: 0.000017 seconds.
  path: Assets/RPGPP_LT/Prefabs/Props/Containers/rpgpp_lt_bucket_01.prefab
  artifactKey: Guid(05723fa5edef5fa4ab72eb90ae0bf7b0) Importer(2089858483,0ecaa5967403d082aa24f35e1b516d23)
Start importing Assets/RPGPP_LT/Prefabs/Props/Containers/rpgpp_lt_bucket_01.prefab using Guid(05723fa5edef5fa4ab72eb90ae0bf7b0) Importer(2089858483,0ecaa5967403d082aa24f35e1b516d23) Generated GUIDs only implemented for interfaces!
 -> (artifact id: '33e522060daa8aa8708c7ae66ebad15d') in 0.016700 seconds 
========================================================================
Received Import Request.
  Time since last request: 0.000039 seconds.
  path: Assets/RPGPP_LT/Models/Nature/rpgpp_lt_cloud_01.fbx
  artifactKey: Guid(b36c73269c1668c4bbfb76bf41a74b15) Importer(2089858483,0ecaa5967403d082aa24f35e1b516d23)
Start importing Assets/RPGPP_LT/Models/Nature/rpgpp_lt_cloud_01.fbx using Guid(b36c73269c1668c4bbfb76bf41a74b15) Importer(2089858483,0ecaa5967403d082aa24f35e1b516d23) Generated GUIDs only implemented for interfaces!
 -> (artifact id: 'f0162fc3ee57c6e0368852e3b8babd63') in 0.031214 seconds 
========================================================================
Received Import Request.
  Time since last request: 0.000027 seconds.
  path: Assets/RPGPP_LT/Models/Props/rpgpp_lt_bowl_metal_01.fbx
  artifactKey: Guid(09cc238bd856b5d468789a6d2d0f48ed) Importer(2089858483,0ecaa5967403d082aa24f35e1b516d23)
Start importing Assets/RPGPP_LT/Models/Props/rpgpp_lt_bowl_metal_01.fbx using Guid(09cc238bd856b5d468789a6d2d0f48ed) Importer(2089858483,0ecaa5967403d082aa24f35e1b516d23) Generated GUIDs only implemented for interfaces!
 -> (artifact id: 'a358ae1d36eb3b9c5c929be92daa0596') in 0.037824 seconds 
========================================================================
Received Import Request.
  Time since last request: 0.000039 seconds.
  path: Assets/RPGPP_LT/Prefabs/Props/Containers/rpgpp_lt_vase_02.prefab
  artifactKey: Guid(645e0ccb96eef934aa12bd4c02a4bd66) Importer(2089858483,0ecaa5967403d082aa24f35e1b516d23)
Start importing Assets/RPGPP_LT/Prefabs/Props/Containers/rpgpp_lt_vase_02.prefab using Guid(645e0ccb96eef934aa12bd4c02a4bd66) Importer(2089858483,0ecaa5967403d082aa24f35e1b516d23) Generated GUIDs only implemented for interfaces!
 -> (artifact id: 'dfd79d793e86a212aa33439dc882e35e') in 0.016477 seconds 
========================================================================
Received Import Request.
  Time since last request: 0.000027 seconds.
  path: Assets/RPGPP_LT/Prefabs/Nature/Vegetation/Trees/rpgpp_lt_tree_pine_01.prefab
  artifactKey: Guid(22a3fd8d3e59a1149bdcd775c0e87241) Importer(2089858483,0ecaa5967403d082aa24f35e1b516d23)
Start importing Assets/RPGPP_LT/Prefabs/Nature/Vegetation/Trees/rpgpp_lt_tree_pine_01.prefab using Guid(22a3fd8d3e59a1149bdcd775c0e87241) Importer(2089858483,0ecaa5967403d082aa24f35e1b516d23) Generated GUIDs only implemented for interfaces!
 -> (artifact id: '7527c4ccd175d20d528b3fd8d7d1b9c9') in 0.019970 seconds 
========================================================================
Received Import Request.
  Time since last request: 0.000032 seconds.
  path: Assets/RPGPP_LT/Models/Nature/rpgpp_lt_grass_small_01b.fbx
  artifactKey: Guid(60f048e3ccfd7d0498e095661396963b) Importer(2089858483,0ecaa5967403d082aa24f35e1b516d23)
Start importing Assets/RPGPP_LT/Models/Nature/rpgpp_lt_grass_small_01b.fbx using Guid(60f048e3ccfd7d0498e095661396963b) Importer(2089858483,0ecaa5967403d082aa24f35e1b516d23) Generated GUIDs only implemented for interfaces!
 -> (artifact id: '2f8e56f000af65260bc895db4c70e1ac') in 0.036073 seconds 
========================================================================
Received Import Request.
  Time since last request: 0.000025 seconds.
  path: Assets/RPGPP_LT/Prefabs/Props/Items/rpgpp_lt_broom_01.prefab
  artifactKey: Guid(a463cb358b3f799499b5078f511ef61e) Importer(2089858483,0ecaa5967403d082aa24f35e1b516d23)
Start importing Assets/RPGPP_LT/Prefabs/Props/Items/rpgpp_lt_broom_01.prefab using Guid(a463cb358b3f799499b5078f511ef61e) Importer(2089858483,0ecaa5967403d082aa24f35e1b516d23) Generated GUIDs only implemented for interfaces!
 -> (artifact id: 'f0565074aaf04b16b2d49f32dba96c82') in 0.016186 seconds 
========================================================================
Received Import Request.
  Time since last request: 0.000034 seconds.
  path: Assets/RPGPP_LT/Models/Nature/rpgpp_lt_terrain_grass_01.fbx
  artifactKey: Guid(264414c28ea0fbb41b924fd17d9228b3) Importer(2089858483,0ecaa5967403d082aa24f35e1b516d23)
Start importing Assets/RPGPP_LT/Models/Nature/rpgpp_lt_terrain_grass_01.fbx using Guid(264414c28ea0fbb41b924fd17d9228b3) Importer(2089858483,0ecaa5967403d082aa24f35e1b516d23) Generated GUIDs only implemented for interfaces!
 -> (artifact id: 'bb864026517e2183d2c1d21c1f692100') in 0.031663 seconds 
========================================================================
Received Import Request.
  Time since last request: 0.000025 seconds.
  path: Assets/RPGPP_LT/Models/Nature/rpgpp_lt_mountain_01.fbx
  artifactKey: Guid(9d123ff5b15c0bd4fbd33779e2acdbd9) Importer(2089858483,0ecaa5967403d082aa24f35e1b516d23)
Start importing Assets/RPGPP_LT/Models/Nature/rpgpp_lt_mountain_01.fbx using Guid(9d123ff5b15c0bd4fbd33779e2acdbd9) Importer(2089858483,0ecaa5967403d082aa24f35e1b516d23) Generated GUIDs only implemented for interfaces!
 -> (artifact id: '197708cc761813795c048bf7ff88ff1b') in 0.024523 seconds 
========================================================================
Received Import Request.
  Time since last request: 0.000024 seconds.
  path: Assets/RPGPP_LT/Models/Props/rpgpp_lt_vase_01.fbx
  artifactKey: Guid(9bd069d17b875254f9fc1eeccdd647b4) Importer(2089858483,0ecaa5967403d082aa24f35e1b516d23)
Start importing Assets/RPGPP_LT/Models/Props/rpgpp_lt_vase_01.fbx using Guid(9bd069d17b875254f9fc1eeccdd647b4) Importer(2089858483,0ecaa5967403d082aa24f35e1b516d23) Generated GUIDs only implemented for interfaces!
 -> (artifact id: 'fc9b9d935c4ed8784d7de7bdef4fa6aa') in 0.028712 seconds 
========================================================================
Received Import Request.
  Time since last request: 0.000024 seconds.
  path: Assets/RPGPP_LT/Prefabs/Props/Containers/rpgpp_lt_bowl_metal_01.prefab
  artifactKey: Guid(c20b40242fb425a48840e03f7f3a50f4) Importer(2089858483,0ecaa5967403d082aa24f35e1b516d23)
Start importing Assets/RPGPP_LT/Prefabs/Props/Containers/rpgpp_lt_bowl_metal_01.prefab using Guid(c20b40242fb425a48840e03f7f3a50f4) Importer(2089858483,0ecaa5967403d082aa24f35e1b516d23) Generated GUIDs only implemented for interfaces!
 -> (artifact id: 'ba615b63bc184c1490ab38655add7d82') in 0.013969 seconds 
========================================================================
Received Import Request.
  Time since last request: 0.000041 seconds.
  path: Assets/RPGPP_LT/Prefabs/Nature/Rocks/rpgpp_lt_rock_small_02.prefab
  artifactKey: Guid(9f21020355643c74c88002634abcdabd) Importer(2089858483,0ecaa5967403d082aa24f35e1b516d23)
Start importing Assets/RPGPP_LT/Prefabs/Nature/Rocks/rpgpp_lt_rock_small_02.prefab using Guid(9f21020355643c74c88002634abcdabd) Importer(2089858483,0ecaa5967403d082aa24f35e1b516d23) Generated GUIDs only implemented for interfaces!
 -> (artifact id: 'd22cc32acf8cb1fb44d2655f550f3198') in 0.031954 seconds 
========================================================================
Received Import Request.
  Time since last request: 0.000023 seconds.
  path: Assets/RPGPP_LT/Prefabs/Nature/Vegetation/Plants/rpgpp_lt_plant_01.prefab
  artifactKey: Guid(5286e490afadac545ae3a1595b1e96e1) Importer(2089858483,0ecaa5967403d082aa24f35e1b516d23)
Start importing Assets/RPGPP_LT/Prefabs/Nature/Vegetation/Plants/rpgpp_lt_plant_01.prefab using Guid(5286e490afadac545ae3a1595b1e96e1) Importer(2089858483,0ecaa5967403d082aa24f35e1b516d23) Generated GUIDs only implemented for interfaces!
 -> (artifact id: '484fbc0045015a29cd0bb96d0b621433') in 0.026666 seconds 
========================================================================
Received Import Request.
  Time since last request: 0.000037 seconds.
  path: Assets/RPGPP_LT/Models/Nature/rpgpp_lt_terrain_path_01b.fbx
  artifactKey: Guid(70fbff8150321794f8532fef4f4d7c98) Importer(2089858483,0ecaa5967403d082aa24f35e1b516d23)
Start importing Assets/RPGPP_LT/Models/Nature/rpgpp_lt_terrain_path_01b.fbx using Guid(70fbff8150321794f8532fef4f4d7c98) Importer(2089858483,0ecaa5967403d082aa24f35e1b516d23) Generated GUIDs only implemented for interfaces!
 -> (artifact id: 'b29ce43af60f48b5f7dd77d7ce448065') in 0.048337 seconds 
========================================================================
Received Import Request.
  Time since last request: 0.000033 seconds.
  path: Assets/RPGPP_LT/Models/Props/rpgpp_lt_box_wood_01.fbx
  artifactKey: Guid(ab945ff7c1d59bb4a8b506cb8c7dafcd) Importer(2089858483,0ecaa5967403d082aa24f35e1b516d23)
Start importing Assets/RPGPP_LT/Models/Props/rpgpp_lt_box_wood_01.fbx using Guid(ab945ff7c1d59bb4a8b506cb8c7dafcd) Importer(2089858483,0ecaa5967403d082aa24f35e1b516d23) Generated GUIDs only implemented for interfaces!
 -> (artifact id: '72402c9feab9b951de3df611f6de08ac') in 0.046925 seconds 
========================================================================
Received Import Request.
  Time since last request: 0.000033 seconds.
  path: Assets/RPGPP_LT/Models/Props/rpgpp_lt_bird_house_01.fbx
  artifactKey: Guid(8edf1a08abb5cb342a2a608b289c1f91) Importer(2089858483,0ecaa5967403d082aa24f35e1b516d23)
Start importing Assets/RPGPP_LT/Models/Props/rpgpp_lt_bird_house_01.fbx using Guid(8edf1a08abb5cb342a2a608b289c1f91) Importer(2089858483,0ecaa5967403d082aa24f35e1b516d23) Generated GUIDs only implemented for interfaces!
 -> (artifact id: '6b6ec3362d32380a18af104f420b9774') in 0.054104 seconds 
========================================================================
Received Import Request.
  Time since last request: 0.000090 seconds.
  path: Assets/RPGPP_LT/Models/Props/rpgpp_lt_bathtub_wood_01.fbx
  artifactKey: Guid(1a8449922d22bae4791e0335226fa1aa) Importer(2089858483,0ecaa5967403d082aa24f35e1b516d23)
Start importing Assets/RPGPP_LT/Models/Props/rpgpp_lt_bathtub_wood_01.fbx using Guid(1a8449922d22bae4791e0335226fa1aa) Importer(2089858483,0ecaa5967403d082aa24f35e1b516d23) Generated GUIDs only implemented for interfaces!
 -> (artifact id: '8d49afc3ed038d877aa63eb4d89e590c') in 0.051462 seconds 
========================================================================
Received Import Request.
  Time since last request: 0.000077 seconds.
  path: Assets/RPGPP_LT/Materials/rpgpp_lt_sky_a.mat
  artifactKey: Guid(ff33af19770dd3e489f9c65e388009fe) Importer(2089858483,0ecaa5967403d082aa24f35e1b516d23)
Start importing Assets/RPGPP_LT/Materials/rpgpp_lt_sky_a.mat using Guid(ff33af19770dd3e489f9c65e388009fe) Importer(2089858483,0ecaa5967403d082aa24f35e1b516d23) Generated GUIDs only implemented for interfaces!
 -> (artifact id: '8f3492c51ff2edbb068ba1d0c3a230d6') in 0.028112 seconds 
========================================================================
Received Import Request.
  Time since last request: 0.000022 seconds.
  path: Assets/RPGPP_LT/Models/Props/rpgpp_lt_table_01.fbx
  artifactKey: Guid(16c4b1c9bf28bc44eab122106a0e4864) Importer(2089858483,0ecaa5967403d082aa24f35e1b516d23)
Start importing Assets/RPGPP_LT/Models/Props/rpgpp_lt_table_01.fbx using Guid(16c4b1c9bf28bc44eab122106a0e4864) Importer(2089858483,0ecaa5967403d082aa24f35e1b516d23) Generated GUIDs only implemented for interfaces!
 -> (artifact id: '20259934f0aaa8ff327990c223e0427d') in 0.030637 seconds 
========================================================================
Received Import Request.
  Time since last request: 0.000027 seconds.
  path: Assets/RPGPP_LT/Models/Props/rpgpp_lt_package_01.fbx
  artifactKey: Guid(4a9eb490516647a4d8765165bfb9cf47) Importer(2089858483,0ecaa5967403d082aa24f35e1b516d23)
Start importing Assets/RPGPP_LT/Models/Props/rpgpp_lt_package_01.fbx using Guid(4a9eb490516647a4d8765165bfb9cf47) Importer(2089858483,0ecaa5967403d082aa24f35e1b516d23) Generated GUIDs only implemented for interfaces!
 -> (artifact id: '3eb566c281300140b34b14067009d1bf') in 0.036084 seconds 
========================================================================
Received Import Request.
  Time since last request: 0.000021 seconds.
  path: Assets/RPGPP_LT/Models/Nature/rpgpp_lt_plant_02.fbx
  artifactKey: Guid(2ef20853860a4694c9c08c312d121b56) Importer(2089858483,0ecaa5967403d082aa24f35e1b516d23)
Start importing Assets/RPGPP_LT/Models/Nature/rpgpp_lt_plant_02.fbx using Guid(2ef20853860a4694c9c08c312d121b56) Importer(2089858483,0ecaa5967403d082aa24f35e1b516d23) Generated GUIDs only implemented for interfaces!
 -> (artifact id: 'c81c13e3bfecb8f01ef79a18cd81de5a') in 0.022170 seconds 
========================================================================
Received Import Request.
  Time since last request: 0.000018 seconds.
  path: Assets/RPGPP_LT/Prefabs/Nature/Terrain/rpgpp_lt_terrain_grass_02.prefab
  artifactKey: Guid(68cbfa1438162b243ac02fb9e3e30581) Importer(2089858483,0ecaa5967403d082aa24f35e1b516d23)
Start importing Assets/RPGPP_LT/Prefabs/Nature/Terrain/rpgpp_lt_terrain_grass_02.prefab using Guid(68cbfa1438162b243ac02fb9e3e30581) Importer(2089858483,0ecaa5967403d082aa24f35e1b516d23) Generated GUIDs only implemented for interfaces!
 -> (artifact id: '8c1c1b32e2b6d65670d3d477e7eafdc6') in 0.016042 seconds 
========================================================================
Received Import Request.
  Time since last request: 0.000024 seconds.
  path: Assets/RPGPP_LT/Prefabs/Props/Containers/rpgpp_lt_sack_01.prefab
  artifactKey: Guid(f274f0fb5e5bc294ca9a0ff4cf1f0ff7) Importer(2089858483,0ecaa5967403d082aa24f35e1b516d23)
Start importing Assets/RPGPP_LT/Prefabs/Props/Containers/rpgpp_lt_sack_01.prefab using Guid(f274f0fb5e5bc294ca9a0ff4cf1f0ff7) Importer(2089858483,0ecaa5967403d082aa24f35e1b516d23) Generated GUIDs only implemented for interfaces!
 -> (artifact id: 'fd9b30f6a39df3866809057ba678719e') in 0.025348 seconds 
========================================================================
Received Import Request.
  Time since last request: 0.000024 seconds.
  path: Assets/RPGPP_LT/Models/Nature/rpgpp_lt_flower_03.fbx
  artifactKey: Guid(f97780a5b4f3ed64ca0fe117ef736a11) Importer(2089858483,0ecaa5967403d082aa24f35e1b516d23)
Start importing Assets/RPGPP_LT/Models/Nature/rpgpp_lt_flower_03.fbx using Guid(f97780a5b4f3ed64ca0fe117ef736a11) Importer(2089858483,0ecaa5967403d082aa24f35e1b516d23) Generated GUIDs only implemented for interfaces!
 -> (artifact id: '262efeb56a914d11a9a5a8d72be335ae') in 0.026015 seconds 
Editor requested this worker to shutdown with reason: Scaling down because of idle timeout
AssetImportWorker is now disconnected from the server
Process exiting
Exiting without the bug reporter. Application will terminate with return code 0